<?xml version="1.0" encoding="UTF-8"?>
<!-- Generated by org.testng.reporters.JUnitReportReporter -->
<testsuite hostname="DESKTOP-31L47S6" failures="0" tests="3" name="testng.LoginDemo" time="40.833" errors="0" timestamp="30 May 2023 04:07:21 GMT" skipped="0">
  <testcase classname="testng.LoginDemo" name="verifyUrl" time="8.744"/>
  <testcase classname="testng.LoginDemo" name="verifyTitle" time="14.626"/>
  <testcase classname="testng.LoginDemo" name="Login" time="17.463"/>
</testsuite> <!-- testng.LoginDemo -->
